2026-07-20 22:22:45.253 [info] Reading sessions from keychain...
2026-07-20 22:22:45.253 [info] Getting sessions for all scopes...
2026-07-20 22:22:45.357 [info] Got stored sessions!
2026-07-20 22:22:45.357 [info] Got 1 verified sessions.
2026-07-20 22:22:45.357 [info] Got 1 sessions for ...
2026-07-20 22:22:45.358 [info] Getting sessions for all scopes...
2026-07-20 22:22:45.358 [info] Got 1 sessions for ...
2026-07-20 22:22:45.358 [info] Getting sessions for all scopes...
2026-07-20 22:22:45.358 [info] Got 1 sessions for ...
2026-07-20 22:22:45.412 [info] Getting sessions for all scopes...
2026-07-20 22:22:45.412 [info] Got 1 sessions for ...
2026-07-20 22:22:45.790 [info] Getting sessions for read:user,repo,user:email,workflow...
2026-07-20 22:22:45.790 [info] Got 1 sessions for read:user,repo,user:email,workflow...
2026-07-20 22:22:46.853 [info] FetcherService: Electron fetch failed with status: 429 
2026-07-20 22:22:46.862 [info] Unable to resolve optional EDU details. Status: 429 
2026-07-20 22:22:47.166 [info] Getting sessions for all scopes...
2026-07-20 22:22:47.166 [info] Got 1 sessions for ...
2026-07-20 22:22:47.534 [info] Getting sessions for read:user,repo,user:email,workflow...
2026-07-20 22:22:47.534 [info] Got 1 sessions for read:user,repo,user:email,workflow...
2026-07-20 22:22:59.108 [info] Getting sessions for all scopes...
2026-07-20 22:22:59.108 [info] Got 1 sessions for ...
2026-07-20 22:22:59.108 [info] Getting sessions for all scopes...
2026-07-20 22:22:59.108 [info] Got 1 sessions for ...
2026-07-20 22:23:12.337 [info] Getting sessions for all scopes...
2026-07-20 22:23:12.337 [info] Got 1 sessions for ...
2026-07-20 22:23:12.338 [info] Getting sessions for all scopes...
2026-07-20 22:23:12.338 [info] Got 1 sessions for ...
2026-07-20 22:23:47.547 [info] Reading sessions from keychain...
2026-07-20 22:23:47.547 [info] Got stored sessions!
2026-07-20 22:23:47.547 [info] Got 1 verified sessions.
2026-07-20 22:23:47.547 [info] Getting sessions for all scopes...
2026-07-20 22:23:47.547 [info] Got 1 sessions for ...
2026-07-20 22:23:47.547 [info] Getting sessions for all scopes...
2026-07-20 22:23:47.547 [info] Got 1 sessions for ...
2026-07-20 22:23:47.547 [info] Getting sessions for all scopes...
2026-07-20 22:23:47.547 [info] Got 1 sessions for ...
2026-07-20 22:23:47.615 [info] Getting sessions for all scopes...
2026-07-20 22:23:47.615 [info] Got 1 sessions for ...
2026-07-20 22:23:47.623 [info] Getting sessions for all scopes...
2026-07-20 22:23:47.623 [info] Got 1 sessions for ...
2026-07-20 22:23:47.885 [info] Getting sessions for read:user,repo,user:email,workflow...
2026-07-20 22:23:47.885 [info] Got 1 sessions for read:user,repo,user:email,workflow...
2026-07-20 22:23:48.605 [info] Getting sessions for all scopes...
2026-07-20 22:23:48.605 [info] Got 1 sessions for ...
2026-07-20 22:23:48.605 [info] Getting sessions for all scopes...
2026-07-20 22:23:48.605 [info] Got 1 sessions for ...
2026-07-20 22:23:48.686 [info] FetcherService: Electron fetch failed with status: 429 
2026-07-20 22:23:48.695 [info] Unable to resolve optional EDU details. Status: 429 
