2026-07-20 22:22:45.084 [info] Extension host with pid 95258 started
2026-07-20 22:22:45.085 [info] Skipping acquiring lock for /home/lucas/.config/Code/User/workspaceStorage/6c6d5e64ee368fbc789e0511c093e40a.
2026-07-20 22:22:45.148 [info] ExtensionService#_doActivateExtension vscode.github-authentication, startup: false, activationEvent: 'onAuthenticationRequest:github'
2026-07-20 22:22:45.169 [info] ExtensionService#_doActivateExtension vscode.emmet, startup: false, activationEvent: 'onLanguage'
2026-07-20 22:22:45.297 [info] ExtensionService#_doActivateExtension vscode.git-base, startup: true, activationEvent: '*', root cause: vscode.git
2026-07-20 22:22:45.358 [info] ExtensionService#_doActivateExtension vscode.git, startup: true, activationEvent: '*'
2026-07-20 22:22:45.395 [info] ExtensionService#_doActivateExtension vscode.github, startup: true, activationEvent: '*'
2026-07-20 22:22:45.507 [info] ExtensionService#_doActivateExtension fwz233.zeppos, startup: true, activationEvent: 'workspaceContains:**/app.js'
2026-07-20 22:22:45.526 [info] Eager extensions activated
2026-07-20 22:22:45.541 [info] ExtensionService#_doActivateExtension vscode.debug-auto-launch, startup: false, activationEvent: 'onStartupFinished'
2026-07-20 22:22:45.543 [info] ExtensionService#_doActivateExtension vscode.merge-conflict, startup: false, activationEvent: 'onStartupFinished'
2026-07-20 22:23:47.431 [info] Extension host with pid 104661 started
2026-07-20 22:23:47.431 [info] Skipping acquiring lock for /home/lucas/.config/Code/User/workspaceStorage/6c6d5e64ee368fbc789e0511c093e40a.
2026-07-20 22:23:47.446 [info] ExtensionService#_doActivateExtension vscode.emmet, startup: false, activationEvent: 'onLanguage'
2026-07-20 22:23:47.459 [info] ExtensionService#_doActivateExtension vscode.github-authentication, startup: false, activationEvent: 'onAuthenticationRequest:github'
2026-07-20 22:23:47.474 [info] ExtensionService#_doActivateExtension vscode.git-base, startup: false, activationEvent: 'onCommand:git.clone', root cause: vscode.git
2026-07-20 22:23:47.494 [info] ExtensionService#_doActivateExtension vscode.git, startup: false, activationEvent: 'onCommand:git.clone'
2026-07-20 22:23:47.585 [info] ExtensionService#_doActivateExtension vscode.github, startup: true, activationEvent: '*'
2026-07-20 22:23:47.646 [info] ExtensionService#_doActivateExtension fwz233.zeppos, startup: true, activationEvent: 'workspaceContains:**/app.js'
2026-07-20 22:23:47.647 [info] Eager extensions activated
2026-07-20 22:23:47.652 [info] ExtensionService#_doActivateExtension vscode.debug-auto-launch, startup: false, activationEvent: 'onStartupFinished'
2026-07-20 22:23:47.654 [info] ExtensionService#_doActivateExtension vscode.merge-conflict, startup: false, activationEvent: 'onStartupFinished'
2026-07-20 22:23:49.771 [info] Extension host terminating: received terminate message from renderer
2026-07-20 22:23:49.810 [error] ProxyResolver#resolveProxy DIRECT Canceled: Canceled
	at new Ux (file:///opt/vscode/resources/app/out/vs/workbench/api/node/extensionHostProcess.js:435:152086)
	at i._remoteCall (file:///opt/vscode/resources/app/out/vs/workbench/api/node/extensionHostProcess.js:435:158138)
	at r.<computed>.s.charCodeAt.r.<computed> (file:///opt/vscode/resources/app/out/vs/workbench/api/node/extensionHostProcess.js:435:154933)
	at Mg.resolveProxy (file:///opt/vscode/resources/app/out/vs/workbench/api/node/extensionHostProcess.js:534:82404)
	at Object.resolveProxy (file:///opt/vscode/resources/app/out/vs/workbench/api/node/extensionHostProcess.js:675:25232)
	at useProxySettings (/opt/vscode/resources/app/node_modules/@vscode/proxy-agent/out/index.js:208:16)
	at /opt/vscode/resources/app/node_modules/@vscode/proxy-agent/out/index.js:145:13
	at /opt/vscode/resources/app/node_modules/@vscode/proxy-agent/out/index.js:1065:13 
2026-07-20 22:23:49.810 [error] ProxyResolver#resolveProxy DIRECT Canceled: Canceled
	at new Ux (file:///opt/vscode/resources/app/out/vs/workbench/api/node/extensionHostProcess.js:435:152086)
	at i._remoteCall (file:///opt/vscode/resources/app/out/vs/workbench/api/node/extensionHostProcess.js:435:158138)
	at r.<computed>.s.charCodeAt.r.<computed> (file:///opt/vscode/resources/app/out/vs/workbench/api/node/extensionHostProcess.js:435:154933)
	at Mg.resolveProxy (file:///opt/vscode/resources/app/out/vs/workbench/api/node/extensionHostProcess.js:534:82404)
	at Object.resolveProxy (file:///opt/vscode/resources/app/out/vs/workbench/api/node/extensionHostProcess.js:675:25232)
	at useProxySettings (/opt/vscode/resources/app/node_modules/@vscode/proxy-agent/out/index.js:208:16)
	at /opt/vscode/resources/app/node_modules/@vscode/proxy-agent/out/index.js:145:13
	at /opt/vscode/resources/app/node_modules/@vscode/proxy-agent/out/index.js:1065:13 
2026-07-20 22:23:49.810 [error] ProxyResolver#resolveProxy DIRECT Canceled: Canceled
	at new Ux (file:///opt/vscode/resources/app/out/vs/workbench/api/node/extensionHostProcess.js:435:152086)
	at i._remoteCall (file:///opt/vscode/resources/app/out/vs/workbench/api/node/extensionHostProcess.js:435:158138)
	at r.<computed>.s.charCodeAt.r.<computed> (file:///opt/vscode/resources/app/out/vs/workbench/api/node/extensionHostProcess.js:435:154933)
	at Mg.resolveProxy (file:///opt/vscode/resources/app/out/vs/workbench/api/node/extensionHostProcess.js:534:82404)
	at Object.resolveProxy (file:///opt/vscode/resources/app/out/vs/workbench/api/node/extensionHostProcess.js:675:25232)
	at useProxySettings (/opt/vscode/resources/app/node_modules/@vscode/proxy-agent/out/index.js:208:16)
	at /opt/vscode/resources/app/node_modules/@vscode/proxy-agent/out/index.js:145:13
	at /opt/vscode/resources/app/node_modules/@vscode/proxy-agent/out/index.js:1065:13 
2026-07-20 22:23:49.823 [info] Extension host with pid 104661 exiting with code 0
