2026-07-18 16:05:22.054 [info] [main] Log level: Info
2026-07-18 16:05:22.054 [info] [main] Validating found git in: "git"
2026-07-18 16:05:22.054 [info] [main] Using git "2.54.0" from "git"
2026-07-18 16:05:22.054 [info] [Model][doInitialScan] Initial repository scan started
2026-07-18 16:05:22.054 [info] > git rev-parse --show-toplevel [3ms]
2026-07-18 16:05:22.054 [info] fatal: not a git repository (or any of the parent directories): .git
2026-07-18 16:05:22.060 [info] > git rev-parse --show-toplevel [1ms]
2026-07-18 16:05:22.060 [info] fatal: not a git repository (or any of the parent directories): .git
2026-07-18 16:05:22.065 [info] > git rev-parse --show-toplevel [1ms]
2026-07-18 16:05:22.065 [info] fatal: not a git repository (or any of the parent directories): .git
2026-07-18 16:05:22.072 [info] > git rev-parse --show-toplevel [2ms]
2026-07-18 16:05:22.072 [info] fatal: not a git repository (or any of the parent directories): .git
2026-07-18 16:05:22.078 [info] > git rev-parse --show-toplevel [2ms]
2026-07-18 16:05:22.078 [info] fatal: not a git repository (or any of the parent directories): .git
2026-07-18 16:05:22.083 [info] > git rev-parse --show-toplevel [1ms]
2026-07-18 16:05:22.083 [info] fatal: not a git repository (or any of the parent directories): .git
2026-07-18 16:05:22.088 [info] > git rev-parse --show-toplevel [1ms]
2026-07-18 16:05:22.088 [info] fatal: not a git repository (or any of the parent directories): .git
2026-07-18 16:05:22.092 [info] > git rev-parse --show-toplevel [1ms]
2026-07-18 16:05:22.092 [info] fatal: not a git repository (or any of the parent directories): .git
2026-07-18 16:05:22.097 [info] > git rev-parse --show-toplevel [1ms]
2026-07-18 16:05:22.097 [info] fatal: not a git repository (or any of the parent directories): .git
2026-07-18 16:05:22.100 [info] [Model][doInitialScan] Initial repository scan completed - repositories (0), closed repositories (0), parent repositories (0), unsafe repositories (0)
