2026-07-20 22:22:45.484 [info] [main] Log level: Info
2026-07-20 22:22:45.484 [info] [main] Validating found git in: "git"
2026-07-20 22:22:45.484 [info] [main] Using git "2.54.0" from "git"
2026-07-20 22:22:45.484 [info] [Model][doInitialScan] Initial repository scan started
2026-07-20 22:22:45.484 [warning] [Model][traverseWorkspaceFolder] Unable to read workspace folder '/home/lucas/.dotfiles': Error: ENOENT: no such file or directory, scandir '/home/lucas/.dotfiles'
2026-07-20 22:22:45.484 [info] > git rev-parse --show-toplevel [12ms]
2026-07-20 22:22:45.484 [info] fatal: not a git repository (or any of the parent directories): .git
2026-07-20 22:22:45.484 [warning] [Model][getRepositoryExact] Failed to get repository realpath for: "/home/lucas/.dotfiles". Error:Error: ENOENT: no such file or directory, realpath '/home/lucas/.dotfiles'
2026-07-20 22:22:45.492 [info] > git rev-parse --show-toplevel [1ms]
2026-07-20 22:22:45.492 [info] fatal: not a git repository (or any of the parent directories): .git
2026-07-20 22:22:45.497 [info] > git rev-parse --show-toplevel [2ms]
2026-07-20 22:22:45.497 [info] fatal: not a git repository (or any of the parent directories): .git
2026-07-20 22:22:45.502 [info] > git rev-parse --show-toplevel [1ms]
2026-07-20 22:22:45.502 [info] fatal: not a git repository (or any of the parent directories): .git
2026-07-20 22:22:45.509 [info] > git rev-parse --show-toplevel [2ms]
2026-07-20 22:22:45.509 [info] fatal: not a git repository (or any of the parent directories): .git
2026-07-20 22:22:45.517 [info] > git rev-parse --show-toplevel [2ms]
2026-07-20 22:22:45.517 [info] fatal: not a git repository (or any of the parent directories): .git
2026-07-20 22:22:45.527 [info] > git rev-parse --show-toplevel [2ms]
2026-07-20 22:22:45.527 [info] fatal: not a git repository (or any of the parent directories): .git
2026-07-20 22:22:45.535 [info] > git rev-parse --show-toplevel [2ms]
2026-07-20 22:22:45.535 [info] fatal: not a git repository (or any of the parent directories): .git
2026-07-20 22:22:45.557 [info] > git rev-parse --show-toplevel [17ms]
2026-07-20 22:22:45.557 [info] fatal: not a git repository (or any of the parent directories): .git
2026-07-20 22:22:45.574 [info] > git rev-parse --show-toplevel [12ms]
2026-07-20 22:22:45.575 [info] fatal: not a git repository (or any of the parent directories): .git
2026-07-20 22:22:45.582 [info] > git rev-parse --show-toplevel [2ms]
2026-07-20 22:22:45.582 [info] fatal: not a git repository (or any of the parent directories): .git
2026-07-20 22:22:45.587 [info] > git rev-parse --show-toplevel [1ms]
2026-07-20 22:22:45.587 [info] fatal: not a git repository (or any of the parent directories): .git
2026-07-20 22:22:45.594 [info] > git rev-parse --show-toplevel [2ms]
2026-07-20 22:22:45.594 [info] fatal: not a git repository (or any of the parent directories): .git
2026-07-20 22:22:45.601 [info] > git rev-parse --show-toplevel [1ms]
2026-07-20 22:22:45.601 [info] fatal: not a git repository (or any of the parent directories): .git
2026-07-20 22:22:45.606 [info] > git rev-parse --show-toplevel [2ms]
2026-07-20 22:22:45.606 [info] fatal: not a git repository (or any of the parent directories): .git
2026-07-20 22:22:45.610 [info] > git rev-parse --show-toplevel [1ms]
2026-07-20 22:22:45.610 [info] fatal: not a git repository (or any of the parent directories): .git
2026-07-20 22:22:45.616 [info] > git rev-parse --show-toplevel [1ms]
2026-07-20 22:22:45.616 [info] fatal: not a git repository (or any of the parent directories): .git
2026-07-20 22:22:45.626 [info] > git rev-parse --show-toplevel [5ms]
2026-07-20 22:22:45.626 [info] fatal: not a git repository (or any of the parent directories): .git
2026-07-20 22:22:45.632 [info] > git rev-parse --show-toplevel [1ms]
2026-07-20 22:22:45.632 [info] fatal: not a git repository (or any of the parent directories): .git
2026-07-20 22:22:45.638 [info] > git rev-parse --show-toplevel [1ms]
2026-07-20 22:22:45.638 [info] fatal: not a git repository (or any of the parent directories): .git
2026-07-20 22:22:45.642 [info] > git rev-parse --show-toplevel [1ms]
2026-07-20 22:22:45.642 [info] fatal: not a git repository (or any of the parent directories): .git
2026-07-20 22:22:45.647 [info] > git rev-parse --show-toplevel [1ms]
2026-07-20 22:22:45.647 [info] fatal: not a git repository (or any of the parent directories): .git
2026-07-20 22:22:45.652 [info] > git rev-parse --show-toplevel [1ms]
2026-07-20 22:22:45.652 [info] fatal: not a git repository (or any of the parent directories): .git
2026-07-20 22:22:45.658 [info] > git rev-parse --show-toplevel [2ms]
2026-07-20 22:22:45.665 [info] > git rev-parse --git-dir --git-common-dir --show-superproject-working-tree [3ms]
2026-07-20 22:22:45.682 [info] [Model][openRepository] Opened repository (path): /home/lucas/Configs
2026-07-20 22:22:45.682 [info] [Model][openRepository] Opened repository (real path): /home/lucas/Configs
2026-07-20 22:22:45.682 [info] [Model][openRepository] Opened repository (kind): repository
2026-07-20 22:22:45.700 [info] > git config --get commit.template [5ms]
2026-07-20 22:22:45.700 [info] > git config --get --local core.virtualfilesystem [9ms]
2026-07-20 22:22:45.700 [warning] [Git][config] git config failed: Failed to execute git
2026-07-20 22:22:45.701 [info] > git rev-parse --show-toplevel [3ms]
2026-07-20 22:22:45.701 [info] fatal: not a git repository (or any of the parent directories): .git
2026-07-20 22:22:45.709 [info] > git for-each-ref --format=%(refname)%00%(upstream:short)%00%(objectname)%00%(upstream:track)%00%(upstream:remotename)%00%(upstream:remoteref) refs/heads/main refs/remotes/main [4ms]
2026-07-20 22:22:45.713 [warning] [Git][revParse] Unable to read file: ENOENT: no such file or directory, open '/home/lucas/Configs/.git/refs/remotes/origin/main'
2026-07-20 22:22:45.713 [info] > git rev-parse --show-toplevel [4ms]
2026-07-20 22:22:45.713 [info] fatal: not a git repository (or any of the parent directories): .git
2026-07-20 22:22:45.718 [info] > git rev-parse refs/remotes/origin/main [5ms]
2026-07-20 22:22:45.728 [info] > git rev-parse --show-toplevel [11ms]
2026-07-20 22:22:45.728 [info] fatal: not a git repository (or any of the parent directories): .git
2026-07-20 22:22:45.733 [info] > git for-each-ref --sort -committerdate --format %(refname)%00%(objectname)%00%(*objectname) [6ms]
2026-07-20 22:22:45.733 [info] > git rev-parse --show-toplevel [1ms]
2026-07-20 22:22:45.733 [info] fatal: not a git repository (or any of the parent directories): .git
2026-07-20 22:22:45.739 [info] > git rev-parse --show-toplevel [1ms]
2026-07-20 22:22:45.739 [info] fatal: not a git repository (or any of the parent directories): .git
2026-07-20 22:22:45.744 [info] > git rev-parse --show-toplevel [1ms]
2026-07-20 22:22:45.744 [info] fatal: not a git repository (or any of the parent directories): .git
2026-07-20 22:22:45.750 [info] > git rev-parse --show-toplevel [2ms]
2026-07-20 22:22:45.750 [info] fatal: not a git repository (or any of the parent directories): .git
2026-07-20 22:22:45.755 [info] > git status -z -uall [32ms]
2026-07-20 22:22:45.781 [info] > git config --get commit.template [4ms]
2026-07-20 22:22:45.781 [info] > git for-each-ref --format=%(refname)%00%(upstream:short)%00%(objectname)%00%(upstream:track)%00%(upstream:remotename)%00%(upstream:remoteref) refs/heads/main refs/remotes/main [10ms]
2026-07-20 22:22:45.785 [info] > git rev-parse --show-toplevel [31ms]
2026-07-20 22:22:45.785 [info] fatal: not a git repository (or any of the parent directories): .git
2026-07-20 22:22:45.803 [info] > git config --get --local branch.main.vscode-merge-base [18ms]
2026-07-20 22:22:45.808 [info] > git for-each-ref --format=%(refname)%00%(upstream:short)%00%(objectname)%00%(upstream:track)%00%(upstream:remotename)%00%(upstream:remoteref) refs/heads/main refs/remotes/main [14ms]
2026-07-20 22:22:45.808 [info] > git rev-parse --show-toplevel [19ms]
2026-07-20 22:22:45.808 [info] fatal: not a git repository (or any of the parent directories): .git
2026-07-20 22:22:45.867 [warning] [Git][revParse] Unable to read file: ENOENT: no such file or directory, open '/home/lucas/Configs/.git/refs/remotes/origin/main'
2026-07-20 22:22:45.878 [info] > git for-each-ref --format=%(refname)%00%(upstream:short)%00%(objectname)%00%(upstream:track)%00%(upstream:remotename)%00%(upstream:remoteref) refs/heads/origin/main refs/remotes/origin/main [70ms]
2026-07-20 22:22:45.885 [info] > git rev-parse --show-toplevel [12ms]
2026-07-20 22:22:45.885 [info] fatal: not a git repository (or any of the parent directories): .git
2026-07-20 22:22:45.885 [info] > git rev-parse refs/remotes/origin/main [18ms]
2026-07-20 22:22:45.899 [info] > git merge-base refs/heads/main refs/remotes/origin/main [15ms]
2026-07-20 22:22:45.905 [info] > git for-each-ref --sort -committerdate --format %(refname)%00%(objectname)%00%(*objectname) [11ms]
2026-07-20 22:22:45.905 [info] > git rev-parse --show-toplevel [6ms]
2026-07-20 22:22:45.905 [info] fatal: not a git repository (or any of the parent directories): .git
2026-07-20 22:22:45.910 [info] > git diff --raw --numstat --diff-filter=ADMR -z --find-renames=50% b9ac5f2bc164ff46f1863290cea83a1bfaa718f5...refs/remotes/origin/main -- [6ms]
2026-07-20 22:22:45.911 [info] > git rev-parse --show-toplevel [1ms]
2026-07-20 22:22:45.911 [info] fatal: not a git repository (or any of the parent directories): .git
2026-07-20 22:22:45.914 [info] [Model][doInitialScan] Initial repository scan completed - repositories (1), closed repositories (0), parent repositories (0), unsafe repositories (0)
2026-07-20 22:22:45.920 [info] > git status -z -uall [30ms]
2026-07-20 22:22:45.923 [info] > git rev-parse --show-toplevel [4ms]
2026-07-20 22:22:45.923 [info] fatal: not a git repository (or any of the parent directories): .git
2026-07-20 22:22:45.923 [warning] [Model][getRepositoryExact] Failed to get repository realpath for: "/home/lucas/.dotfiles". Error:Error: ENOENT: no such file or directory, realpath '/home/lucas/.dotfiles'
2026-07-20 22:22:47.049 [info] > git rev-parse --show-toplevel [2ms]
2026-07-20 22:22:47.049 [info] fatal: not a git repository (or any of the parent directories): .git
2026-07-20 22:22:47.049 [warning] [Model][getRepositoryExact] Failed to get repository realpath for: "/home/lucas/.dotfiles". Error:Error: ENOENT: no such file or directory, realpath '/home/lucas/.dotfiles'
2026-07-20 22:22:52.711 [info] > git rev-parse --show-toplevel [1ms]
2026-07-20 22:22:52.711 [info] fatal: not a git repository (or any of the parent directories): .git
2026-07-20 22:22:52.711 [warning] [Model][getRepositoryExact] Failed to get repository realpath for: "/home/lucas/.dotfiles". Error:Error: ENOENT: no such file or directory, realpath '/home/lucas/.dotfiles'
2026-07-20 22:22:52.715 [info] > git log --format=%H%n%aN%n%aE%n%at%n%ct%n%P%n%D%n%B -z --shortstat --diff-merges=first-parent -n50 --skip=0 --topo-order --decorate=full --stdin [26ms]
2026-07-20 22:22:53.262 [info] > git check-ignore -v -z --stdin [1ms]
2026-07-20 22:22:53.778 [info] > git merge-base main origin/main [1ms]
2026-07-20 22:23:07.845 [info] > git log --format=%H%n%aN%n%aE%n%at%n%ct%n%P%n%D%n%B -z --shortstat --diff-merges=first-parent -n50 --skip=0 --topo-order --decorate=full --stdin [39ms]
2026-07-20 22:23:07.887 [info] > git merge-base main origin/main [6ms]
2026-07-20 22:23:47.570 [info] [main] Log level: Info
2026-07-20 22:23:47.570 [info] [main] Validating found git in: "git"
2026-07-20 22:23:47.570 [info] [main] Using git "2.54.0" from "git"
2026-07-20 22:23:47.570 [info] [Model][doInitialScan] Initial repository scan started
2026-07-20 22:23:47.570 [warning] [Model][traverseWorkspaceFolder] Unable to read workspace folder '/home/lucas/.dotfiles': Error: ENOENT: no such file or directory, scandir '/home/lucas/.dotfiles'
2026-07-20 22:23:47.573 [info] > git rev-parse --show-toplevel [7ms]
2026-07-20 22:23:47.573 [info] fatal: not a git repository (or any of the parent directories): .git
2026-07-20 22:23:47.575 [warning] [Model][getRepositoryExact] Failed to get repository realpath for: "/home/lucas/.dotfiles". Error:Error: ENOENT: no such file or directory, realpath '/home/lucas/.dotfiles'
2026-07-20 22:23:47.641 [info] > git rev-parse --show-toplevel [6ms]
2026-07-20 22:23:47.641 [info] fatal: not a git repository (or any of the parent directories): .git
2026-07-20 22:23:47.648 [info] > git rev-parse --show-toplevel [3ms]
2026-07-20 22:23:47.648 [info] fatal: not a git repository (or any of the parent directories): .git
2026-07-20 22:23:47.674 [info] > git rev-parse --show-toplevel [22ms]
2026-07-20 22:23:47.674 [info] fatal: not a git repository (or any of the parent directories): .git
2026-07-20 22:23:47.679 [info] > git rev-parse --show-toplevel [1ms]
2026-07-20 22:23:47.679 [info] fatal: not a git repository (or any of the parent directories): .git
2026-07-20 22:23:47.684 [info] > git rev-parse --show-toplevel [1ms]
2026-07-20 22:23:47.684 [info] fatal: not a git repository (or any of the parent directories): .git
2026-07-20 22:23:47.689 [info] > git rev-parse --show-toplevel [1ms]
2026-07-20 22:23:47.689 [info] fatal: not a git repository (or any of the parent directories): .git
2026-07-20 22:23:47.695 [info] > git rev-parse --show-toplevel [2ms]
2026-07-20 22:23:47.695 [info] fatal: not a git repository (or any of the parent directories): .git
2026-07-20 22:23:47.699 [info] > git rev-parse --show-toplevel [1ms]
2026-07-20 22:23:47.699 [info] fatal: not a git repository (or any of the parent directories): .git
2026-07-20 22:23:47.704 [info] > git rev-parse --show-toplevel [1ms]
2026-07-20 22:23:47.704 [info] fatal: not a git repository (or any of the parent directories): .git
2026-07-20 22:23:47.709 [info] > git rev-parse --show-toplevel [1ms]
2026-07-20 22:23:47.709 [info] fatal: not a git repository (or any of the parent directories): .git
2026-07-20 22:23:47.714 [info] > git rev-parse --show-toplevel [1ms]
2026-07-20 22:23:47.714 [info] fatal: not a git repository (or any of the parent directories): .git
2026-07-20 22:23:47.719 [info] > git rev-parse --show-toplevel [1ms]
2026-07-20 22:23:47.719 [info] fatal: not a git repository (or any of the parent directories): .git
2026-07-20 22:23:47.724 [info] > git rev-parse --show-toplevel [1ms]
2026-07-20 22:23:47.724 [info] fatal: not a git repository (or any of the parent directories): .git
2026-07-20 22:23:47.729 [info] > git rev-parse --show-toplevel [1ms]
2026-07-20 22:23:47.729 [info] fatal: not a git repository (or any of the parent directories): .git
2026-07-20 22:23:47.733 [info] > git rev-parse --show-toplevel [1ms]
2026-07-20 22:23:47.733 [info] fatal: not a git repository (or any of the parent directories): .git
2026-07-20 22:23:47.738 [info] > git rev-parse --show-toplevel [1ms]
2026-07-20 22:23:47.738 [info] fatal: not a git repository (or any of the parent directories): .git
2026-07-20 22:23:47.743 [info] > git rev-parse --show-toplevel [1ms]
2026-07-20 22:23:47.743 [info] fatal: not a git repository (or any of the parent directories): .git
2026-07-20 22:23:47.747 [info] > git rev-parse --show-toplevel [0ms]
2026-07-20 22:23:47.747 [info] fatal: not a git repository (or any of the parent directories): .git
2026-07-20 22:23:47.753 [info] > git rev-parse --show-toplevel [0ms]
2026-07-20 22:23:47.753 [info] fatal: not a git repository (or any of the parent directories): .git
2026-07-20 22:23:47.757 [info] > git rev-parse --show-toplevel [1ms]
2026-07-20 22:23:47.757 [info] fatal: not a git repository (or any of the parent directories): .git
2026-07-20 22:23:47.762 [info] > git rev-parse --show-toplevel [1ms]
2026-07-20 22:23:47.762 [info] fatal: not a git repository (or any of the parent directories): .git
2026-07-20 22:23:47.767 [info] > git rev-parse --show-toplevel [1ms]
2026-07-20 22:23:47.767 [info] fatal: not a git repository (or any of the parent directories): .git
2026-07-20 22:23:47.772 [info] > git rev-parse --show-toplevel [1ms]
2026-07-20 22:23:47.778 [info] > git rev-parse --git-dir --git-common-dir --show-superproject-working-tree [2ms]
2026-07-20 22:23:47.786 [info] [Model][openRepository] Opened repository (path): /home/lucas/Configs
2026-07-20 22:23:47.786 [info] [Model][openRepository] Opened repository (real path): /home/lucas/Configs
2026-07-20 22:23:47.786 [info] [Model][openRepository] Opened repository (kind): repository
2026-07-20 22:23:47.800 [info] > git config --get commit.template [5ms]
2026-07-20 22:23:47.800 [info] > git config --get --local core.virtualfilesystem [9ms]
2026-07-20 22:23:47.800 [warning] [Git][config] git config failed: Failed to execute git
2026-07-20 22:23:47.801 [info] > git rev-parse --show-toplevel [2ms]
2026-07-20 22:23:47.801 [info] fatal: not a git repository (or any of the parent directories): .git
2026-07-20 22:23:47.810 [info] > git for-each-ref --format=%(refname)%00%(upstream:short)%00%(objectname)%00%(upstream:track)%00%(upstream:remotename)%00%(upstream:remoteref) refs/heads/main refs/remotes/main [4ms]
2026-07-20 22:23:47.814 [warning] [Git][revParse] Unable to read file: ENOENT: no such file or directory, open '/home/lucas/Configs/.git/refs/remotes/origin/main'
2026-07-20 22:23:47.814 [info] > git rev-parse --show-toplevel [5ms]
2026-07-20 22:23:47.814 [info] fatal: not a git repository (or any of the parent directories): .git
2026-07-20 22:23:47.818 [info] > git rev-parse refs/remotes/origin/main [4ms]
2026-07-20 22:23:47.828 [info] > git rev-parse --show-toplevel [10ms]
2026-07-20 22:23:47.828 [info] fatal: not a git repository (or any of the parent directories): .git
2026-07-20 22:23:47.832 [info] > git for-each-ref --sort -committerdate --format %(refname)%00%(objectname)%00%(*objectname) [5ms]
2026-07-20 22:23:47.833 [info] > git rev-parse --show-toplevel [2ms]
2026-07-20 22:23:47.833 [info] fatal: not a git repository (or any of the parent directories): .git
2026-07-20 22:23:47.838 [info] > git rev-parse --show-toplevel [1ms]
2026-07-20 22:23:47.838 [info] fatal: not a git repository (or any of the parent directories): .git
2026-07-20 22:23:47.843 [info] > git rev-parse --show-toplevel [1ms]
2026-07-20 22:23:47.843 [info] fatal: not a git repository (or any of the parent directories): .git
2026-07-20 22:23:47.849 [info] > git rev-parse --show-toplevel [1ms]
2026-07-20 22:23:47.849 [info] fatal: not a git repository (or any of the parent directories): .git
2026-07-20 22:23:47.854 [info] > git rev-parse --show-toplevel [1ms]
2026-07-20 22:23:47.854 [info] fatal: not a git repository (or any of the parent directories): .git
2026-07-20 22:23:47.857 [info] > git status -z -uall [34ms]
2026-07-20 22:23:47.879 [info] > git config --get commit.template [1ms]
2026-07-20 22:23:47.879 [info] > git for-each-ref --format=%(refname)%00%(upstream:short)%00%(objectname)%00%(upstream:track)%00%(upstream:remotename)%00%(upstream:remoteref) refs/heads/main refs/remotes/main [8ms]
2026-07-20 22:23:47.883 [info] > git rev-parse --show-toplevel [26ms]
2026-07-20 22:23:47.884 [info] fatal: not a git repository (or any of the parent directories): .git
2026-07-20 22:23:47.895 [info] > git config --get --local branch.main.vscode-merge-base [12ms]
2026-07-20 22:23:47.912 [info] > git for-each-ref --format=%(refname)%00%(upstream:short)%00%(objectname)%00%(upstream:track)%00%(upstream:remotename)%00%(upstream:remoteref) refs/heads/origin/main refs/remotes/origin/main [13ms]
2026-07-20 22:23:47.916 [info] > git for-each-ref --format=%(refname)%00%(upstream:short)%00%(objectname)%00%(upstream:track)%00%(upstream:remotename)%00%(upstream:remoteref) refs/heads/main refs/remotes/main [21ms]
2026-07-20 22:23:47.917 [info] > git rev-parse --show-toplevel [27ms]
2026-07-20 22:23:47.917 [info] fatal: not a git repository (or any of the parent directories): .git
2026-07-20 22:23:47.972 [warning] [Git][revParse] Unable to read file: ENOENT: no such file or directory, open '/home/lucas/Configs/.git/refs/remotes/origin/main'
2026-07-20 22:23:47.978 [info] > git merge-base refs/heads/main refs/remotes/origin/main [62ms]
2026-07-20 22:23:47.985 [info] > git rev-parse --show-toplevel [8ms]
2026-07-20 22:23:47.985 [info] fatal: not a git repository (or any of the parent directories): .git
2026-07-20 22:23:47.985 [info] > git rev-parse refs/remotes/origin/main [13ms]
2026-07-20 22:23:47.999 [info] > git diff --raw --numstat --diff-filter=ADMR -z --find-renames=50% b9ac5f2bc164ff46f1863290cea83a1bfaa718f5...refs/remotes/origin/main -- [15ms]
2026-07-20 22:23:48.000 [info] > git rev-parse --show-toplevel [1ms]
2026-07-20 22:23:48.000 [info] fatal: not a git repository (or any of the parent directories): .git
2026-07-20 22:23:48.002 [info] [Model][doInitialScan] Initial repository scan completed - repositories (1), closed repositories (0), parent repositories (0), unsafe repositories (0)
2026-07-20 22:23:48.002 [info] > git for-each-ref --sort -committerdate --format %(refname)%00%(objectname)%00%(*objectname) [8ms]
2026-07-20 22:23:48.017 [info] > git status -z -uall [28ms]
