2026-07-20 22:17:59.317 [info] Reading sessions from keychain...
2026-07-20 22:17:59.317 [info] Getting sessions for all scopes...
2026-07-20 22:17:59.324 [info] Got 0 sessions for ...
2026-07-20 22:17:59.324 [info] Getting sessions for all scopes...
2026-07-20 22:17:59.324 [info] Got 0 sessions for ...
2026-07-20 22:17:59.338 [info] Getting sessions for all scopes...
2026-07-20 22:17:59.338 [info] Got 0 sessions for ...
2026-07-20 22:17:59.418 [info] Getting sessions for all scopes...
2026-07-20 22:17:59.418 [info] Got 0 sessions for ...
2026-07-20 22:18:00.967 [info] Getting sessions for all scopes...
2026-07-20 22:18:00.967 [info] Got 0 sessions for ...
2026-07-20 22:18:05.260 [info] Reading sessions from keychain...
2026-07-20 22:18:05.260 [info] Getting sessions for all scopes...
2026-07-20 22:18:05.260 [info] Got 0 sessions for ...
2026-07-20 22:18:05.260 [info] Getting sessions for all scopes...
2026-07-20 22:18:05.260 [info] Got 0 sessions for ...
2026-07-20 22:18:05.288 [info] Getting sessions for all scopes...
2026-07-20 22:18:05.288 [info] Got 0 sessions for ...
2026-07-20 22:18:05.363 [info] Getting sessions for all scopes...
2026-07-20 22:18:05.363 [info] Got 0 sessions for ...
2026-07-20 22:18:07.215 [info] Getting sessions for all scopes...
2026-07-20 22:18:07.215 [info] Got 0 sessions for ...
2026-07-20 22:18:09.034 [info] Getting sessions for read:user,repo,user:email,workflow...
2026-07-20 22:18:09.034 [info] Got 0 sessions for read:user,repo,user:email,workflow...
2026-07-20 22:18:09.178 [info] Getting sessions for read:user,repo,user:email,workflow...
2026-07-20 22:18:09.178 [info] Got 0 sessions for read:user,repo,user:email,workflow...
2026-07-20 22:18:17.198 [info] Getting sessions for read:user,repo,user:email,workflow...
2026-07-20 22:18:17.198 [info] Got 0 sessions for read:user,repo,user:email,workflow...
2026-07-20 22:18:18.450 [info] Logging in with 'any' account...
2026-07-20 22:18:18.450 [info] Logging in for the following scopes: read:user repo user:email workflow
2026-07-20 22:18:18.471 [info] Trying with local server... (read:user repo user:email workflow)
2026-07-20 22:18:32.201 [info] Exchanging code for token...
2026-07-20 22:18:33.027 [info] Token exchange success!
2026-07-20 22:18:33.028 [info] Getting user info...
2026-07-20 22:18:33.552 [info] Got account info!
2026-07-20 22:18:33.552 [info] Storing 1 sessions...
2026-07-20 22:18:34.041 [info] FetcherService: Electron fetch failed with status: 429 
2026-07-20 22:18:34.041 [info] Unable to resolve optional EDU details. Status: 429 
2026-07-20 22:18:35.554 [info] Reading sessions from keychain...
2026-07-20 22:18:35.554 [info] Stored 1 sessions!
2026-07-20 22:18:35.554 [info] Login success!
2026-07-20 22:18:35.593 [info] Got stored sessions!
2026-07-20 22:18:35.593 [info] Got 1 verified sessions.
2026-07-20 22:18:35.638 [info] Getting sessions for read:user,repo,user:email,workflow...
2026-07-20 22:18:35.638 [info] Got 1 sessions for read:user,repo,user:email,workflow...
2026-07-20 22:18:35.700 [info] Getting sessions for all scopes...
2026-07-20 22:18:35.700 [info] Got 1 sessions for ...
2026-07-20 22:18:35.702 [info] Getting sessions for all scopes...
2026-07-20 22:18:35.702 [info] Got 1 sessions for ...
2026-07-20 22:18:40.338 [info] Getting sessions for all scopes...
2026-07-20 22:18:40.338 [info] Got 1 sessions for ...
2026-07-20 22:18:40.338 [info] Getting sessions for all scopes...
2026-07-20 22:18:40.338 [info] Got 1 sessions for ...
2026-07-20 22:19:04.835 [info] Reading sessions from keychain...
2026-07-20 22:19:04.835 [info] Getting sessions for all scopes...
2026-07-20 22:19:04.835 [info] Got stored sessions!
2026-07-20 22:19:04.835 [info] Got 1 verified sessions.
2026-07-20 22:19:04.835 [info] Got 1 sessions for ...
2026-07-20 22:19:04.835 [info] Getting sessions for all scopes...
2026-07-20 22:19:04.835 [info] Got 1 sessions for ...
2026-07-20 22:19:04.835 [info] Getting sessions for all scopes...
2026-07-20 22:19:04.835 [info] Got 1 sessions for ...
2026-07-20 22:19:04.835 [info] Getting sessions for all scopes...
2026-07-20 22:19:04.835 [info] Got 1 sessions for ...
2026-07-20 22:19:04.835 [info] Getting sessions for all scopes...
2026-07-20 22:19:04.835 [info] Got 1 sessions for ...
2026-07-20 22:19:05.736 [info] FetcherService: Electron fetch failed with status: 429 
2026-07-20 22:19:05.739 [info] Unable to resolve optional EDU details. Status: 429 
2026-07-20 22:19:05.999 [info] Getting sessions for read:user,repo,user:email,workflow...
2026-07-20 22:19:05.999 [info] Got 1 sessions for read:user,repo,user:email,workflow...
2026-07-20 22:19:17.157 [info] Getting sessions for all scopes...
2026-07-20 22:19:17.157 [info] Got 1 sessions for ...
2026-07-20 22:19:17.157 [info] Getting sessions for all scopes...
2026-07-20 22:19:17.157 [info] Got 1 sessions for ...
