2026-07-20 22:17:59.055 [info] Extension host with pid 39626 started
2026-07-20 22:17:59.055 [info] Skipping acquiring lock for /home/lucas/.config/Code/User/workspaceStorage/728e1095d2f69e0a8d41aa492aaa0509.
2026-07-20 22:17:59.170 [info] ExtensionService#_doActivateExtension vscode.github-authentication, startup: false, activationEvent: 'onAuthenticationRequest:github'
2026-07-20 22:17:59.193 [info] ExtensionService#_doActivateExtension vscode.emmet, startup: false, activationEvent: 'onLanguage'
2026-07-20 22:17:59.319 [info] ExtensionService#_doActivateExtension vscode.git-base, startup: true, activationEvent: '*', root cause: vscode.git
2026-07-20 22:17:59.339 [info] ExtensionService#_doActivateExtension vscode.git, startup: true, activationEvent: '*'
2026-07-20 22:17:59.377 [info] ExtensionService#_doActivateExtension vscode.github, startup: true, activationEvent: '*'
2026-07-20 22:17:59.506 [info] ExtensionService#_doActivateExtension fwz233.zeppos, startup: true, activationEvent: 'workspaceContains:**/app.js'
2026-07-20 22:17:59.555 [info] Eager extensions activated
2026-07-20 22:17:59.570 [info] ExtensionService#_doActivateExtension vscode.debug-auto-launch, startup: false, activationEvent: 'onStartupFinished'
2026-07-20 22:17:59.572 [info] ExtensionService#_doActivateExtension vscode.merge-conflict, startup: false, activationEvent: 'onStartupFinished'
2026-07-20 22:18:04.077 [info] Extension host terminating: received terminate message from renderer
2026-07-20 22:18:04.087 [info] Extension host with pid 39626 exiting with code 0
2026-07-20 22:18:05.115 [info] Extension host with pid 41043 started
2026-07-20 22:18:05.115 [info] Skipping acquiring lock for /home/lucas/.config/Code/User/workspaceStorage/e633d347b34b3e05434756ac7d3c9d55.
2026-07-20 22:18:05.188 [info] ExtensionService#_doActivateExtension vscode.github-authentication, startup: false, activationEvent: 'onAuthenticationRequest:github'
2026-07-20 22:18:05.207 [info] ExtensionService#_doActivateExtension vscode.emmet, startup: false, activationEvent: 'onLanguage'
2026-07-20 22:18:05.286 [info] ExtensionService#_doActivateExtension vscode.git-base, startup: true, activationEvent: '*'
2026-07-20 22:18:05.291 [info] ExtensionService#_doActivateExtension vscode.github, startup: true, activationEvent: '*'
2026-07-20 22:18:05.322 [info] Eager extensions activated
2026-07-20 22:18:05.336 [info] ExtensionService#_doActivateExtension vscode.debug-auto-launch, startup: false, activationEvent: 'onStartupFinished'
2026-07-20 22:18:05.338 [info] ExtensionService#_doActivateExtension vscode.merge-conflict, startup: false, activationEvent: 'onStartupFinished'
2026-07-20 22:18:08.625 [info] ExtensionService#_doActivateExtension vscode.git, startup: false, activationEvent: 'api', root cause: vscode.github
2026-07-20 22:18:08.746 [info] ExtensionService#_doActivateExtension fwz233.zeppos, startup: false, activationEvent: 'workspaceContains:**/app.js'
2026-07-20 22:18:35.423 [info] ExtensionService#_doActivateExtension vscode.configuration-editing, startup: false, activationEvent: 'onLanguage:jsonc'
2026-07-20 22:18:35.430 [info] ExtensionService#_doActivateExtension vscode.json-language-features, startup: false, activationEvent: 'onLanguage:jsonc'
2026-07-20 22:18:35.505 [info] ExtensionService#_doActivateExtension vscode.typescript-language-features, startup: false, activationEvent: 'onLanguage:jsonc'
2026-07-20 22:19:02.065 [info] Extension host terminating: received terminate message from renderer
2026-07-20 22:19:02.161 [info] Extension host with pid 41043 exiting with code 0
2026-07-20 22:19:03.859 [info] Extension host with pid 63379 started
2026-07-20 22:19:03.860 [info] Skipping acquiring lock for /home/lucas/.config/Code/User/workspaceStorage/6c6d5e64ee368fbc789e0511c093e40a.
2026-07-20 22:19:03.945 [info] ExtensionService#_doActivateExtension vscode.emmet, startup: false, activationEvent: 'onLanguage'
2026-07-20 22:19:03.982 [info] ExtensionService#_doActivateExtension vscode.github-authentication, startup: false, activationEvent: 'onAuthenticationRequest:github'
2026-07-20 22:19:04.016 [info] ExtensionService#_doActivateExtension vscode.git-base, startup: false, activationEvent: 'onCommand:git.clone', root cause: vscode.git
2026-07-20 22:19:04.020 [info] ExtensionService#_doActivateExtension vscode.configuration-editing, startup: false, activationEvent: 'onLanguage:jsonc'
2026-07-20 22:19:04.030 [info] ExtensionService#_doActivateExtension vscode.json-language-features, startup: false, activationEvent: 'onLanguage:jsonc'
2026-07-20 22:19:04.123 [info] ExtensionService#_doActivateExtension vscode.typescript-language-features, startup: false, activationEvent: 'onLanguage:jsonc'
2026-07-20 22:19:04.230 [info] ExtensionService#_doActivateExtension vscode.extension-editing, startup: false, activationEvent: 'onLanguage:json'
2026-07-20 22:19:04.283 [info] ExtensionService#_doActivateExtension vscode.npm, startup: false, activationEvent: 'onLanguage:json'
2026-07-20 22:19:04.477 [info] ExtensionService#_doActivateExtension vscode.git, startup: false, activationEvent: 'onCommand:git.clone'
2026-07-20 22:19:05.079 [info] ExtensionService#_doActivateExtension vscode.github, startup: true, activationEvent: '*'
2026-07-20 22:19:05.312 [info] ExtensionService#_doActivateExtension fwz233.zeppos, startup: true, activationEvent: 'workspaceContains:**/app.js'
2026-07-20 22:19:05.340 [info] Eager extensions activated
2026-07-20 22:19:05.365 [info] ExtensionService#_doActivateExtension vscode.debug-auto-launch, startup: false, activationEvent: 'onStartupFinished'
2026-07-20 22:19:05.369 [info] ExtensionService#_doActivateExtension vscode.merge-conflict, startup: false, activationEvent: 'onStartupFinished'
2026-07-20 22:19:17.362 [info] Extension host terminating: received terminate message from renderer
2026-07-20 22:19:17.417 [info] Extension host with pid 63379 exiting with code 0
